# JRE version: OpenJDK Runtime Environment (11.0.15) (build 11.0.15+0-b2043.56-8887301)
# Java VM: OpenJDK 64-Bit Server VM (11.0.15+0-b2043.56-8887301, mixed mode, tiered, compressed oops, g1 gc, windows-amd64)
Heap:
 garbage-first heap   total 378880K, used 150185K [0x0000000080000000, 0x0000000100000000)
  region size 1024K, 13 young (13312K), 7 survivors (7168K)
 Metaspace       used 129799K, capacity 133638K, committed 133872K, reserved 1165312K
  class space    used 16243K, capacity 17719K, committed 17816K, reserved 1048576K
GC Heap History (20 events):
Event: 51.514 GC heap before
{Heap before GC invocations=31 (full 0):
 garbage-first heap   total 315392K, used 264890K [0x0000000080000000, 0x0000000100000000)
  region size 1024K, 124 young (126976K), 3 survivors (3072K)
 Metaspace       used 129466K, capacity 133253K, committed 133488K, reserved 1165312K
  class space    used 16223K, capacity 17665K, committed 17688K, reserved 1048576K
}
Event: 51.523 GC heap after
{Heap after GC invocations=32 (full 0):
 garbage-first heap   total 315392K, used 142577K [0x0000000080000000, 0x0000000100000000)
  region size 1024K, 5 young (5120K), 5 survivors (5120K)
 Metaspace       used 129466K, capacity 133253K, committed 133488K, reserved 1165312K
  class space    used 16223K, capacity 17665K, committed 17688K, reserved 1048576K
}
Event: 52.055 GC heap before
{Heap before GC invocations=32 (full 0):
 garbage-first heap   total 315392K, used 265457K [0x0000000080000000, 0x0000000100000000)
  region size 1024K, 126 young (129024K), 5 survivors (5120K)
 Metaspace       used 129536K, capacity 133342K, committed 133488K, reserved 1165312K
  class space    used 16224K, capacity 17668K, committed 17688K, reserved 1048576K
}
Event: 52.066 GC heap after
{Heap after GC invocations=33 (full 0):
 garbage-first heap   total 315392K, used 144027K [0x0000000080000000, 0x0000000100000000)
  region size 1024K, 6 young (6144K), 6 survivors (6144K)
 Metaspace       used 129536K, capacity 133342K, committed 133488K, reserved 1165312K
  class space    used 16224K, capacity 17668K, committed 17688K, reserved 1048576K
}
Event: 52.430 GC heap before
{Heap before GC invocations=33 (full 0):
 garbage-first heap   total 315392K, used 267931K [0x0000000080000000, 0x0000000100000000)
  region size 1024K, 127 young (130048K), 6 survivors (6144K)
 Metaspace       used 129580K, capacity 133377K, committed 133616K, reserved 1165312K
  class space    used 16228K, capacity 17701K, committed 17816K, reserved 1048576K
}
Event: 52.440 GC heap after
{Heap after GC invocations=34 (full 0):
 garbage-first heap   total 315392K, used 143821K [0x0000000080000000, 0x0000000100000000)
  region size 1024K, 6 young (6144K), 6 survivors (6144K)
 Metaspace       used 129580K, capacity 133377K, committed 133616K, reserved 1165312K
  class space    used 16228K, capacity 17701K, committed 17816K, reserved 1048576K
}
Event: 52.838 GC heap before
{Heap before GC invocations=34 (full 0):
 garbage-first heap   total 315392K, used 269773K [0x0000000080000000, 0x0000000100000000)
  region size 1024K, 129 young (132096K), 6 survivors (6144K)
 Metaspace       used 129603K, capacity 133442K, committed 133616K, reserved 1165312K
  class space    used 16228K, capacity 17701K, committed 17816K, reserved 1048576K
}
Event: 52.852 GC heap after
{Heap after GC invocations=35 (full 0):
 garbage-first heap   total 315392K, used 144318K [0x0000000080000000, 0x0000000100000000)
  region size 1024K, 7 young (7168K), 7 survivors (7168K)
 Metaspace       used 129603K, capacity 133442K, committed 133616K, reserved 1165312K
  class space    used 16228K, capacity 17701K, committed 17816K, reserved 1048576K
}
Event: 53.448 GC heap before
{Heap before GC invocations=35 (full 0):
 garbage-first heap   total 315392K, used 270270K [0x0000000080000000, 0x0000000100000000)
  region size 1024K, 130 young (133120K), 7 survivors (7168K)
 Metaspace       used 129661K, capacity 133466K, committed 133616K, reserved 1165312K
  class space    used 16231K, capacity 17707K, committed 17816K, reserved 1048576K
}
Event: 53.463 GC heap after
{Heap after GC invocations=36 (full 0):
 garbage-first heap   total 315392K, used 144058K [0x0000000080000000, 0x0000000100000000)
  region size 1024K, 6 young (6144K), 6 survivors (6144K)
 Metaspace       used 129661K, capacity 133466K, committed 133616K, reserved 1165312K
  class space    used 16231K, capacity 17707K, committed 17816K, reserved 1048576K
}
Event: 53.846 GC heap before
{Heap before GC invocations=36 (full 0):
 garbage-first heap   total 315392K, used 271034K [0x0000000080000000, 0x0000000100000000)
  region size 1024K, 131 young (134144K), 6 survivors (6144K)
 Metaspace       used 129686K, capacity 133533K, committed 133872K, reserved 1165312K
  class space    used 16232K, capacity 17708K, committed 17816K, reserved 1048576K
}
Event: 53.857 GC heap after
{Heap after GC invocations=37 (full 0):
 garbage-first heap   total 315392K, used 143034K [0x0000000080000000, 0x0000000100000000)
  region size 1024K, 5 young (5120K), 5 survivors (5120K)
 Metaspace       used 129686K, capacity 133533K, committed 133872K, reserved 1165312K
  class space    used 16232K, capacity 17708K, committed 17816K, reserved 1048576K
}
Event: 54.234 GC heap before
{Heap before GC invocations=37 (full 0):
 garbage-first heap   total 315392K, used 272058K [0x0000000080000000, 0x0000000100000000)
  region size 1024K, 131 young (134144K), 5 survivors (5120K)
 Metaspace       used 129715K, capacity 133550K, committed 133872K, reserved 1165312K
  class space    used 16235K, capacity 17713K, committed 17816K, reserved 1048576K
}
Event: 54.245 GC heap after
{Heap after GC invocations=38 (full 0):
 garbage-first heap   total 315392K, used 143995K [0x0000000080000000, 0x0000000100000000)
  region size 1024K, 6 young (6144K), 6 survivors (6144K)
 Metaspace       used 129715K, capacity 133550K, committed 133872K, reserved 1165312K
  class space    used 16235K, capacity 17713K, committed 17816K, reserved 1048576K
}
Event: 54.602 GC heap before
{Heap before GC invocations=38 (full 0):
 garbage-first heap   total 315392K, used 271995K [0x0000000080000000, 0x0000000100000000)
  region size 1024K, 131 young (134144K), 6 survivors (6144K)
 Metaspace       used 129730K, capacity 133559K, committed 133872K, reserved 1165312K
  class space    used 16236K, capacity 17716K, committed 17816K, reserved 1048576K
}
Event: 54.613 GC heap after
{Heap after GC invocations=39 (full 0):
 garbage-first heap   total 315392K, used 143301K [0x0000000080000000, 0x0000000100000000)
  region size 1024K, 6 young (6144K), 6 survivors (6144K)
 Metaspace       used 129730K, capacity 133559K, committed 133872K, reserved 1165312K
  class space    used 16236K, capacity 17716K, committed 17816K, reserved 1048576K
}
Event: 54.983 GC heap before
{Heap before GC invocations=39 (full 0):
 garbage-first heap   total 315392K, used 272325K [0x0000000080000000, 0x0000000100000000)
  region size 1024K, 132 young (135168K), 6 survivors (6144K)
 Metaspace       used 129743K, capacity 133564K, committed 133872K, reserved 1165312K
  class space    used 16237K, capacity 17717K, committed 17816K, reserved 1048576K
}
Event: 54.996 GC heap after
{Heap after GC invocations=40 (full 0):
 garbage-first heap   total 315392K, used 146601K [0x0000000080000000, 0x0000000100000000)
  region size 1024K, 9 young (9216K), 9 survivors (9216K)
 Metaspace       used 129743K, capacity 133564K, committed 133872K, reserved 1165312K
  class space    used 16237K, capacity 17717K, committed 17816K, reserved 1048576K
}
Event: 55.370 GC heap before
{Heap before GC invocations=40 (full 0):
 garbage-first heap   total 315392K, used 271529K [0x0000000080000000, 0x0000000100000000)
  region size 1024K, 131 young (134144K), 9 survivors (9216K)
 Metaspace       used 129779K, capacity 133568K, committed 133872K, reserved 1165312K
  class space    used 16240K, capacity 17717K, committed 17816K, reserved 1048576K
}
Event: 55.386 GC heap after
{Heap after GC invocations=41 (full 0):
 garbage-first heap   total 378880K, used 145082K [0x0000000080000000, 0x0000000100000000)
  region size 1024K, 7 young (7168K), 7 survivors (7168K)
 Metaspace       used 129779K, capacity 133568K, committed 133872K, reserved 1165312K
  class space    used 16240K, capacity 17717K, committed 17816K, reserved 1048576K
}

